
 RO image file on unit   1 : /root/autodl-tmp/polnet/gui/tem/in_vol.mrc     Size=     250001 K

 Number of columns, rows, sections .....     400     400     400
 Map mode ..............................    2   (32-bit real)              
 Start cols, rows, sects, grid x,y,z ...    0     0     0     400    400    400
 Pixel spacing (Angstroms)..............   1.000      1.000      1.000    
 Cell angles ...........................   90.000   90.000   90.000
 Fast, medium, slow axes ...............    X    Y    Z
 Origin on x,y,z .......................    0.000       0.000       0.000    
 Minimum density .......................   0.0000    
 Maximum density .......................  0.99694    
 Mean density ..........................  0.23059E-05
 RMS deviation from mean................  0.11373E-02
 tilt angles (original,current) ........   0.0   0.0   0.0   0.0   0.0   0.0
 Space group,# extra bytes,idtype,lens .        1        0        0        0

     1 Titles :
Created by mrcfile.py                                       2024-09-09 14:51:06


 NEW image file on unit   2 : /root/autodl-tmp/polnet/gui/tem/out_micrographs.mrc

[Mon Sep  9 14:51:06 2024]RUNNING COMMAND:-> xyzproj -inp /root/autodl-tmp/polnet/gui/tem/in_vol.mrc -o /root/autodl-tmp/polnet/gui/tem/out_micrographs.mrc -ax Y -an -60,61,3 -m 2

 OLD image file on unit   2 : /root/autodl-tmp/polnet/gui/tem/out_micrographs.mrc     Size=      25626 K

 Number of columns, rows, sections .....     400     400      41
 Map mode ..............................    2   (32-bit real)              
 Start cols, rows, sects, grid x,y,z ...    0     0     0     400    400     41
 Pixel spacing (Angstroms)..............   1.000      1.000      1.000    
 Cell angles ...........................   90.000   90.000   90.000
 Fast, medium, slow axes ...............    X    Y    Z
 Origin on x,y,z .......................    0.000       0.000       0.000    
 Minimum density ....................... -0.16799E-01
 Maximum density .......................  0.17380E-03
 Mean density .......................... -0.78691E-05
 RMS deviation from mean................  0.12835E-03
 tilt angles (original,current) ........   0.0   0.0   0.0   0.0   0.0   0.0
 Space group,# extra bytes,idtype,lens .        1        0        0        0

     1 Titles :
Created by mrcfile.py                                       2024-09-09 14:51:28


 RO image file on unit   3 : /root/autodl-tmp/polnet/gui/tem/out_micrographs.mrc     Size=      25626 K

 Number of columns, rows, sections .....     400     400      41
 Map mode ..............................    2   (32-bit real)              
 Start cols, rows, sects, grid x,y,z ...    0     0     0     400    400     41
 Pixel spacing (Angstroms)..............   10.00      10.00      10.00    
 Cell angles ...........................   90.000   90.000   90.000
 Fast, medium, slow axes ...............    X    Y    Z
 Origin on x,y,z .......................    0.000       0.000       0.000    
 Minimum density ....................... -0.16799E-01
 Maximum density .......................  0.17380E-03
 Mean density .......................... -0.78691E-05
 RMS deviation from mean................  0.12835E-03
 tilt angles (original,current) ........   0.0   0.0   0.0   0.0   0.0   0.0
 Space group,# extra bytes,idtype,lens .        1        0        0        0

     1 Titles :
Created by mrcfile.py                                       2024-09-09 14:51:28


[Mon Sep  9 14:51:28 2024]RUNNING COMMAND:-> alterheader /root/autodl-tmp/polnet/gui/tem/out_micrographs.mrc -del 10,10,10

Input projection file:: /root/autodl-tmp/polnet/gui/tem/out_micrographs.mrc
 Dimensions:    400    400     41   Pixel size:        10         10         10
Mode:  2               Min, max, mean:    -0.016799    0.0001738  -7.8691e-06
Created by mrcfile.py                                       2024-09-09 14:51:28

 Output map is sectioned perpendicular to the tilt axis

 Thickness of reconstructed slice is 400 pixels.
 Tilt angles were entered from a tilt file

 Projection angles:
   -60.00   -57.00   -54.00   -51.00   -48.00   -45.00   -42.00   -39.00
   -36.00   -33.00   -30.00   -27.00   -24.00   -21.00   -18.00   -15.00
   -12.00    -9.00    -6.00    -3.00     0.00     3.00     6.00     9.00
    12.00    15.00    18.00    21.00    24.00    27.00    30.00    33.00
    36.00    39.00    42.00    45.00    48.00    51.00    54.00    57.00
    60.00


Allocated 65 MB for main arrays
---------------------------
Total floats in main arrays    16974084
  Radial weighting function       41826
  Output slice                   160000
  400 Transposed projections   16730400
  Stretching buffer               41826

Final reconstruction file: /root/autodl-tmp/polnet/gui/tem/out_rec3d.mrc
 Dimensions:    400    400    400   Pixel size:        10         10         10
Mode:  2               Min, max, mean:     -0.29089      0.11865  -1.8354e-06
Created by mrcfile.py                                       2024-09-09 14:51:28
TILT: Tomographic reconstruction                        09-Sep-24  14:51:28

 To scale output to bytes (10-245), use SCALE to add 0.308,  and scale by 573.81

 To scale output to -15000 to 15000, use SCALE to add 0.086,  and scale by 73253

 Reconstruction of 400 slices complete.

[Mon Sep  9 14:51:28 2024]RUNNING COMMAND:-> tilt -inp /root/autodl-tmp/polnet/gui/tem/out_micrographs.mrc -output /root/autodl-tmp/polnet/gui/tem/out_rec3d.mrc -TILTFILE /root/autodl-tmp/polnet/gui/tem/out_tangs.tlt -THICKNESS 400

 OLD image file on unit   2 : /root/autodl-tmp/polnet/gui/tem/out_rec3d.mrc     Size=     250001 K

 Number of columns, rows, sections .....     400     400     400
 Map mode ..............................    2   (32-bit real)              
 Start cols, rows, sects, grid x,y,z ...    0     0     0     400    400    400
 Pixel spacing (Angstroms)..............   1.000      1.000      1.000    
 Cell angles ...........................   90.000   90.000   90.000
 Fast, medium, slow axes ...............    X    Y    Z
 Origin on x,y,z .......................    0.000       0.000       0.000    
 Minimum density ....................... -0.29089    
 Maximum density .......................  0.11865    
 Mean density .......................... -0.18354E-05
 RMS deviation from mean................  0.52473E-03
 tilt angles (original,current) ........   0.0   0.0   0.0   0.0   0.0   0.0
 Space group,# extra bytes,idtype,lens .        1        0        0        0

     1 Titles :
Created by mrcfile.py                                       2024-09-09 14:51:33


 RO image file on unit   3 : /root/autodl-tmp/polnet/gui/tem/out_rec3d.mrc     Size=     250001 K

 Number of columns, rows, sections .....     400     400     400
 Map mode ..............................    2   (32-bit real)              
 Start cols, rows, sects, grid x,y,z ...    0     0     0     400    400    400
 Pixel spacing (Angstroms)..............   10.00      10.00      10.00    
 Cell angles ...........................   90.000   90.000   90.000
 Fast, medium, slow axes ...............    X    Y    Z
 Origin on x,y,z .......................    0.000       0.000       0.000    
 Minimum density ....................... -0.29089    
 Maximum density .......................  0.11865    
 Mean density .......................... -0.18354E-05
 RMS deviation from mean................  0.52473E-03
 tilt angles (original,current) ........   0.0   0.0   0.0   0.0   0.0   0.0
 Space group,# extra bytes,idtype,lens .        1        0        0        0

     1 Titles :
Created by mrcfile.py                                       2024-09-09 14:51:33


[Mon Sep  9 14:51:34 2024]RUNNING COMMAND:-> alterheader /root/autodl-tmp/polnet/gui/tem/out_rec3d.mrc -del 10,10,10 -org 0,0,0
